This file contains any messages produced by compilers while
running configure, to aid debugging if configure makes a mistake.

It was created by xfce4-cpugraph-plugin configure 1.2.10, which was
generated by GNU Autoconf 2.72.  Invocation command line was

  $ ./configure --build=x86_64-linux-gnu --prefix=/usr '--includedir=${prefix}/include' '--mandir=${prefix}/share/man' '--infodir=${prefix}/share/info' --sysconfdir=/etc --localstatedir=/var --disable-option-checking --disable-silent-rules '--libdir=${prefix}/lib/x86_64-linux-gnu' --runstatedir=/run --disable-maintainer-mode --disable-dependency-tracking

## --------- ##
## Platform. ##
## --------- ##

hostname = proteus-2
uname -m = x86_64
uname -r = 6.12.48+deb13-amd64
uname -s = Linux
uname -v = #1 SMP PREEMPT_DYNAMIC Debian 6.12.48-1 (2025-09-20)

/usr/bin/uname -p = unknown
/bin/uname -X     = unknown

/bin/arch              = x86_64
/usr/bin/arch -k       = unknown
/usr/convex/getsysinfo = unknown
/usr/bin/hostinfo      = unknown
/bin/machine           = unknown
/usr/bin/oslevel       = unknown
/bin/universe          = unknown

PATH: /usr/local/bin/
PATH: /usr/bin/
PATH: /bin/
PATH: /usr/local/games/
PATH: /usr/games/


## ----------- ##
## Core tests. ##
## ----------- ##

configure:2827: looking for aux files: ltmain.sh config.guess config.sub compile missing install-sh
configure:2840:  trying ./
configure:2869:   ./ltmain.sh found
configure:2869:   ./config.guess found
configure:2869:   ./config.sub found
configure:2869:   ./compile found
configure:2869:   ./missing found
configure:2851:   ./install-sh found
configure:3001: checking for a BSD-compatible install
configure:3075: result: /usr/bin/install -c
configure:3086: checking whether sleep supports fractional seconds
configure:3102: result: yes
configure:3105: checking filesystem timestamp resolution
configure:3240: result: 0.01
configure:3245: checking whether build environment is sane
configure:3286: result: yes
configure:3457: checking for a race-free mkdir -p
configure:3500: result: /usr/bin/mkdir -p
configure:3507: checking for gawk
configure:3528: found /usr/bin/gawk
configure:3540: result: gawk
configure:3551: checking whether make sets $(MAKE)
configure:3575: result: yes
configure:3601: checking whether make supports nested variables
configure:3620: result: yes
configure:3634: checking xargs -n works
configure:3650: result: yes
configure:3735: checking whether UID '1000' is supported by ustar format
configure:3741: result: yes
configure:3748: checking whether GID '1000' is supported by ustar format
configure:3754: result: yes
configure:3762: checking how to create a ustar tar archive
configure:3773: tar --version
tar (GNU tar) 1.35
Copyright (C) 2023 Free Software Foundation, Inc.
License GPLv3+: GNU GPL version 3 or later <https://gnu.org/licenses/gpl.html>.
This is free software: you are free to change and redistribute it.
There is NO WARRANTY, to the extent permitted by law.

Written by John Gilmore and Jay Fenlason.
configure:3776: $? = 0
configure:3816: tardir=conftest.dir && eval tar --format=ustar -chf - "$tardir" >conftest.tar
configure:3819: $? = 0
configure:3823: tar -xf - <conftest.tar
configure:3826: $? = 0
configure:3828: cat conftest.dir/file
GrepMe
configure:3831: $? = 0
configure:3846: result: gnutar
configure:3875: checking whether to enable maintainer-specific portions of Makefiles
configure:3886: result: no
configure:3965: checking for gcc
configure:3986: found /usr/bin/gcc
configure:3998: result: gcc
configure:4357: checking for C compiler version
configure:4366: gcc --version >&5
gcc (Debian 14.2.0-19) 14.2.0
Copyright (C) 2024 Free Software Foundation, Inc.
This is free software; see the source for copying conditions.  There is NO
warranty; not even for MERCHANTABILITY or FITNESS FOR A PARTICULAR PURPOSE.

configure:4377: $? = 0
configure:4366: gcc -v >&5
Using built-in specs.
COLLECT_GCC=gcc
COLLECT_LTO_WRAPPER=/usr/libexec/gcc/x86_64-linux-gnu/14/lto-wrapper
OFFLOAD_TARGET_NAMES=nvptx-none:amdgcn-amdhsa
OFFLOAD_TARGET_DEFAULT=1
Target: x86_64-linux-gnu
Configured with: ../src/configure -v --with-pkgversion='Debian 14.2.0-19' --with-bugurl=file:///usr/share/doc/gcc-14/README.Bugs --enable-languages=c,ada,c++,go,d,fortran,objc,obj-c++,m2,rust --prefix=/usr --with-gcc-major-version-only --program-suffix=-14 --program-prefix=x86_64-linux-gnu- --enable-shared --enable-linker-build-id --libexecdir=/usr/libexec --without-included-gettext --enable-threads=posix --libdir=/usr/lib --enable-nls --enable-bootstrap --enable-clocale=gnu --enable-libstdcxx-debug --enable-libstdcxx-time=yes --with-default-libstdcxx-abi=new --enable-libstdcxx-backtrace --enable-gnu-unique-object --disable-vtable-verify --enable-plugin --enable-default-pie --with-system-zlib --enable-libphobos-checking=release --with-target-system-zlib=auto --enable-objc-gc=auto --enable-multiarch --disable-werror --enable-cet --with-arch-32=i686 --with-abi=m64 --with-multilib-list=m32,m64,mx32 --enable-multilib --with-tune=generic --enable-offload-targets=nvptx-none=/build/reproducible-path/gcc-14-14.2.0/debian/tmp-nvptx/usr,amdgcn-amdhsa=/build/reproducible-path/gcc-14-14.2.0/debian/tmp-gcn/usr --enable-offload-defaulted --without-cuda-driver --enable-checking=release --build=x86_64-linux-gnu --host=x86_64-linux-gnu --target=x86_64-linux-gnu --with-build-config=bootstrap-lto-lean --enable-link-serialization=3
Thread model: posix
Supported LTO compression algorithms: zlib zstd
gcc version 14.2.0 (Debian 14.2.0-19) 
... rest of stderr output deleted ...
configure:4377: $? = 0
configure:4366: gcc -V >&5
gcc: error: unrecognized command-line option '-V'
gcc: fatal error: no input files
compilation terminated.
configure:4377: $? = 1
configure:4366: gcc -qversion >&5
gcc: error: unrecognized command-line option '-qversion'; did you mean '--version'?
gcc: fatal error: no input files
compilation terminated.
configure:4377: $? = 1
configure:4366: gcc -version >&5
gcc: error: unrecognized command-line option '-version'
gcc: fatal error: no input files
compilation terminated.
configure:4377: $? = 1
configure:4397: checking whether the C compiler works
configure:4419: gcc -g -O2 -Werror=implicit-function-declaration -ffile-prefix-map=/home/rmd/repos/debian13-xfce4/xfce4-cpugraph-plugin-1.2.10=. -fstack-protector-strong -fstack-clash-protection -Wformat -Werror=format-security -fcf-protection -Wdate-time -D_FORTIFY_SOURCE=2 -Wl,-z,relro -Wl,-z,now -Wl,-O1 -Wl,-z,defs conftest.c  >&5
configure:4423: $? = 0
configure:4474: result: yes
configure:4478: checking for C compiler default output file name
configure:4480: result: a.out
configure:4486: checking for suffix of executables
configure:4493: gcc -o conftest -g -O2 -Werror=implicit-function-declaration -ffile-prefix-map=/home/rmd/repos/debian13-xfce4/xfce4-cpugraph-plugin-1.2.10=. -fstack-protector-strong -fstack-clash-protection -Wformat -Werror=format-security -fcf-protection -Wdate-time -D_FORTIFY_SOURCE=2 -Wl,-z,relro -Wl,-z,now -Wl,-O1 -Wl,-z,defs conftest.c  >&5
configure:4497: $? = 0
configure:4521: result: 
configure:4545: checking whether we are cross compiling
configure:4553: gcc -o conftest -g -O2 -Werror=implicit-function-declaration -ffile-prefix-map=/home/rmd/repos/debian13-xfce4/xfce4-cpugraph-plugin-1.2.10=. -fstack-protector-strong -fstack-clash-protection -Wformat -Werror=format-security -fcf-protection -Wdate-time -D_FORTIFY_SOURCE=2 -Wl,-z,relro -Wl,-z,now -Wl,-O1 -Wl,-z,defs conftest.c  >&5
configure:4557: $? = 0
configure:4564: ./conftest
configure:4568: $? = 0
configure:4583: result: no
configure:4589: checking for suffix of object files
configure:4612: gcc -c -g -O2 -Werror=implicit-function-declaration -ffile-prefix-map=/home/rmd/repos/debian13-xfce4/xfce4-cpugraph-plugin-1.2.10=. -fstack-protector-strong -fstack-clash-protection -Wformat -Werror=format-security -fcf-protection -Wdate-time -D_FORTIFY_SOURCE=2 conftest.c >&5
configure:4616: $? = 0
configure:4640: result: o
configure:4644: checking whether the compiler supports GNU C
configure:4664: gcc -c -g -O2 -Werror=implicit-function-declaration -ffile-prefix-map=/home/rmd/repos/debian13-xfce4/xfce4-cpugraph-plugin-1.2.10=. -fstack-protector-strong -fstack-clash-protection -Wformat -Werror=format-security -fcf-protection -Wdate-time -D_FORTIFY_SOURCE=2 conftest.c >&5
configure:4664: $? = 0
configure:4676: result: yes
configure:4687: checking whether gcc accepts -g
configure:4708: gcc -c -g -Wdate-time -D_FORTIFY_SOURCE=2 conftest.c >&5
configure:4708: $? = 0
configure:4755: result: yes
configure:4775: checking for gcc option to enable C11 features
configure:4790: gcc  -c -g -O2 -Werror=implicit-function-declaration -ffile-prefix-map=/home/rmd/repos/debian13-xfce4/xfce4-cpugraph-plugin-1.2.10=. -fstack-protector-strong -fstack-clash-protection -Wformat -Werror=format-security -fcf-protection -Wdate-time -D_FORTIFY_SOURCE=2 conftest.c >&5
configure:4790: $? = 0
configure:4809: result: none needed
configure:4933: checking whether gcc understands -c and -o together
configure:4956: gcc -c conftest.c -o conftest2.o
configure:4959: $? = 0
configure:4956: gcc -c conftest.c -o conftest2.o
configure:4959: $? = 0
configure:4972: result: yes
configure:4992: checking whether make supports the include directive
configure:5007: make -f confmf.GNU && cat confinc.out
make[1]: Entering directory '/home/rmd/repos/debian13-xfce4/xfce4-cpugraph-plugin-1.2.10'
make[1]: Leaving directory '/home/rmd/repos/debian13-xfce4/xfce4-cpugraph-plugin-1.2.10'
this is the am__doit target
configure:5010: $? = 0
configure:5029: result: yes (GNU style)
configure:5055: checking dependency style of gcc
configure:5168: result: none
configure:5253: checking for g++
configure:5274: found /usr/bin/g++
configure:5286: result: g++
configure:5313: checking for C++ compiler version
configure:5322: g++ --version >&5
g++ (Debian 14.2.0-19) 14.2.0
Copyright (C) 2024 Free Software Foundation, Inc.
This is free software; see the source for copying conditions.  There is NO
warranty; not even for MERCHANTABILITY or FITNESS FOR A PARTICULAR PURPOSE.

configure:5333: $? = 0
configure:5322: g++ -v >&5
Using built-in specs.
COLLECT_GCC=g++
COLLECT_LTO_WRAPPER=/usr/libexec/gcc/x86_64-linux-gnu/14/lto-wrapper
OFFLOAD_TARGET_NAMES=nvptx-none:amdgcn-amdhsa
OFFLOAD_TARGET_DEFAULT=1
Target: x86_64-linux-gnu
Configured with: ../src/configure -v --with-pkgversion='Debian 14.2.0-19' --with-bugurl=file:///usr/share/doc/gcc-14/README.Bugs --enable-languages=c,ada,c++,go,d,fortran,objc,obj-c++,m2,rust --prefix=/usr --with-gcc-major-version-only --program-suffix=-14 --program-prefix=x86_64-linux-gnu- --enable-shared --enable-linker-build-id --libexecdir=/usr/libexec --without-included-gettext --enable-threads=posix --libdir=/usr/lib --enable-nls --enable-bootstrap --enable-clocale=gnu --enable-libstdcxx-debug --enable-libstdcxx-time=yes --with-default-libstdcxx-abi=new --enable-libstdcxx-backtrace --enable-gnu-unique-object --disable-vtable-verify --enable-plugin --enable-default-pie --with-system-zlib --enable-libphobos-checking=release --with-target-system-zlib=auto --enable-objc-gc=auto --enable-multiarch --disable-werror --enable-cet --with-arch-32=i686 --with-abi=m64 --with-multilib-list=m32,m64,mx32 --enable-multilib --with-tune=generic --enable-offload-targets=nvptx-none=/build/reproducible-path/gcc-14-14.2.0/debian/tmp-nvptx/usr,amdgcn-amdhsa=/build/reproducible-path/gcc-14-14.2.0/debian/tmp-gcn/usr --enable-offload-defaulted --without-cuda-driver --enable-checking=release --build=x86_64-linux-gnu --host=x86_64-linux-gnu --target=x86_64-linux-gnu --with-build-config=bootstrap-lto-lean --enable-link-serialization=3
Thread model: posix
Supported LTO compression algorithms: zlib zstd
gcc version 14.2.0 (Debian 14.2.0-19) 
... rest of stderr output deleted ...
configure:5333: $? = 0
configure:5322: g++ -V >&5
g++: error: unrecognized command-line option '-V'
g++: fatal error: no input files
compilation terminated.
configure:5333: $? = 1
configure:5322: g++ -qversion >&5
g++: error: unrecognized command-line option '-qversion'; did you mean '--version'?
g++: fatal error: no input files
compilation terminated.
configure:5333: $? = 1
configure:5337: checking whether the compiler supports GNU C++
configure:5357: g++ -c -g -O2 -ffile-prefix-map=/home/rmd/repos/debian13-xfce4/xfce4-cpugraph-plugin-1.2.10=. -fstack-protector-strong -fstack-clash-protection -Wformat -Werror=format-security -fcf-protection -Wdate-time -D_FORTIFY_SOURCE=2 conftest.cpp >&5
configure:5357: $? = 0
configure:5369: result: yes
configure:5380: checking whether g++ accepts -g
configure:5401: g++ -c -g -Wdate-time -D_FORTIFY_SOURCE=2 conftest.cpp >&5
configure:5401: $? = 0
configure:5448: result: yes
configure:5468: checking for g++ option to enable C++11 features
configure:5483: g++  -c -g -O2 -ffile-prefix-map=/home/rmd/repos/debian13-xfce4/xfce4-cpugraph-plugin-1.2.10=. -fstack-protector-strong -fstack-clash-protection -Wformat -Werror=format-security -fcf-protection -Wdate-time -D_FORTIFY_SOURCE=2 conftest.cpp >&5
conftest.cpp: In function 'int main(int, char**)':
conftest.cpp:177:25: warning: empty parentheses were disambiguated as a function declaration [-Wvexing-parse]
  177 |   cxx11test::delegate d2();
      |                         ^~
conftest.cpp:177:25: note: remove parentheses to default-initialize a variable
  177 |   cxx11test::delegate d2();
      |                         ^~
      |                         --
conftest.cpp:177:25: note: or replace parentheses with braces to value-initialize a variable
configure:5483: $? = 0
configure:5502: result: none needed
configure:5573: checking dependency style of g++
configure:5686: result: none
configure:5707: checking build system type
configure:5723: result: x86_64-pc-linux-gnu
configure:5743: checking host system type
configure:5758: result: x86_64-pc-linux-gnu
configure:5778: checking for a sed that does not truncate output
configure:5850: result: /usr/bin/sed
configure:5868: checking for grep that handles long lines and -e
configure:5934: result: /usr/bin/grep
configure:5939: checking for egrep
configure:6009: result: /usr/bin/grep -E
configure:6016: checking for fgrep
configure:6086: result: /usr/bin/grep -F
configure:6113: checking how to print strings
configure:6140: result: printf
configure:6175: checking for ld used by gcc
configure:6244: result: /usr/bin/ld
configure:6251: checking if the linker (/usr/bin/ld) is GNU ld
configure:6268: result: yes
configure:6294: result: yes
configure:6312: checking for intltool >= 0.35.0
configure:6314: result: 0.51.0 found
configure:6322: checking for intltool-update
configure:6345: found /usr/bin/intltool-update
configure:6358: result: /usr/bin/intltool-update
configure:6368: checking for intltool-merge
configure:6391: found /usr/bin/intltool-merge
configure:6404: result: /usr/bin/intltool-merge
configure:6414: checking for intltool-extract
configure:6437: found /usr/bin/intltool-extract
configure:6450: result: /usr/bin/intltool-extract
configure:6604: checking for xgettext
configure:6627: found /usr/bin/xgettext
configure:6640: result: /usr/bin/xgettext
configure:6650: checking for msgmerge
configure:6673: found /usr/bin/msgmerge
configure:6686: result: /usr/bin/msgmerge
configure:6696: checking for msgfmt
configure:6719: found /usr/bin/msgfmt
configure:6732: result: /usr/bin/msgfmt
configure:6742: checking for gmsgfmt
configure:6779: result: /usr/bin/msgfmt
configure:6799: checking for perl
configure:6822: found /usr/bin/perl
configure:6835: result: /usr/bin/perl
configure:6846: checking for perl >= 5.8.1
configure:6853: result: 5.40.1
configure:6857: checking for XML::Parser
configure:6860: result: ok
configure:6917: checking for BSD- or MS-compatible name lister (nm)
configure:6973: result: /usr/bin/nm -B
configure:7115: checking the name lister (/usr/bin/nm -B) interface
configure:7123: gcc -c -g -O2 -Werror=implicit-function-declaration -ffile-prefix-map=/home/rmd/repos/debian13-xfce4/xfce4-cpugraph-plugin-1.2.10=. -fstack-protector-strong -fstack-clash-protection -Wformat -Werror=format-security -fcf-protection -Wdate-time -D_FORTIFY_SOURCE=2 conftest.c >&5
configure:7126: /usr/bin/nm -B "conftest.o"
configure:7129: output
0000000000000000 B some_variable
configure:7137: result: BSD nm
configure:7140: checking whether ln -s works
configure:7144: result: yes
configure:7152: checking the maximum length of command line arguments
configure:7285: result: 1572864
configure:7333: checking how to convert x86_64-pc-linux-gnu file names to x86_64-pc-linux-gnu format
configure:7375: result: func_convert_file_noop
configure:7382: checking how to convert x86_64-pc-linux-gnu file names to toolchain format
configure:7404: result: func_convert_file_noop
configure:7411: checking for /usr/bin/ld option to reload object files
configure:7420: result: -r
configure:7453: checking for file
configure:7474: found /usr/bin/file
configure:7487: result: file
configure:7550: checking for objdump
configure:7571: found /usr/bin/objdump
configure:7583: result: objdump
configure:7615: checking how to recognize dependent libraries
configure:7824: result: pass_all
configure:7915: checking for dlltool
configure:7951: result: no
configure:7981: checking how to associate runtime and link libraries
configure:8010: result: printf %s\n
configure:8071: checking for ranlib
configure:8092: found /usr/bin/ranlib
configure:8104: result: ranlib
configure:8181: checking for ar
configure:8202: found /usr/bin/ar
configure:8214: result: ar
configure:8267: checking for archiver @FILE support
configure:8285: gcc -c -g -O2 -Werror=implicit-function-declaration -ffile-prefix-map=/home/rmd/repos/debian13-xfce4/xfce4-cpugraph-plugin-1.2.10=. -fstack-protector-strong -fstack-clash-protection -Wformat -Werror=format-security -fcf-protection -Wdate-time -D_FORTIFY_SOURCE=2 conftest.c >&5
configure:8285: $? = 0
configure:8289: ar cr libconftest.a @conftest.lst >&5
configure:8292: $? = 0
configure:8297: ar cr libconftest.a @conftest.lst >&5
ar: conftest.o: No such file or directory
configure:8300: $? = 1
configure:8313: result: @
configure:8377: checking for strip
configure:8398: found /usr/bin/strip
configure:8410: result: strip
configure:8513: checking command to parse /usr/bin/nm -B output from gcc object
configure:8667: gcc -c -g -O2 -Werror=implicit-function-declaration -ffile-prefix-map=/home/rmd/repos/debian13-xfce4/xfce4-cpugraph-plugin-1.2.10=. -fstack-protector-strong -fstack-clash-protection -Wformat -Werror=format-security -fcf-protection -Wdate-time -D_FORTIFY_SOURCE=2 conftest.c >&5
configure:8670: $? = 0
configure:8674: /usr/bin/nm -B conftest.o | /usr/bin/sed -n -e 's/^.*[	 ]\([ABCDGIRSTW][ABCDGIRSTW]*\)[	 ][	 ]*\([_A-Za-z][_A-Za-z0-9]*\)$/\1 \2 \2/p' | /usr/bin/sed '/ __gnu_lto/d' > conftest.nm
configure:8740: gcc -o conftest -g -O2 -Werror=implicit-function-declaration -ffile-prefix-map=/home/rmd/repos/debian13-xfce4/xfce4-cpugraph-plugin-1.2.10=. -fstack-protector-strong -fstack-clash-protection -Wformat -Werror=format-security -fcf-protection -Wdate-time -D_FORTIFY_SOURCE=2 -Wl,-z,relro -Wl,-z,now -Wl,-O1 -Wl,-z,defs conftest.c conftstm.o >&5
configure:8743: $? = 0
configure:8782: result: ok
configure:8829: checking for sysroot
configure:8863: result: no
configure:8870: checking for a working dd
configure:8915: result: /usr/bin/dd
configure:8919: checking how to truncate binary pipes
configure:8936: result: /usr/bin/dd bs=4096 count=1
configure:9073: gcc -c -g -O2 -Werror=implicit-function-declaration -ffile-prefix-map=/home/rmd/repos/debian13-xfce4/xfce4-cpugraph-plugin-1.2.10=. -fstack-protector-strong -fstack-clash-protection -Wformat -Werror=format-security -fcf-protection -Wdate-time -D_FORTIFY_SOURCE=2 conftest.c >&5
configure:9076: $? = 0
configure:9276: checking for mt
configure:9297: found /usr/bin/mt
configure:9309: result: mt
configure:9332: checking if mt is a manifest tool
configure:9339: mt '-?'
configure:9348: result: no
configure:10145: checking for stdio.h
configure:10145: gcc -c -g -O2 -Werror=implicit-function-declaration -ffile-prefix-map=/home/rmd/repos/debian13-xfce4/xfce4-cpugraph-plugin-1.2.10=. -fstack-protector-strong -fstack-clash-protection -Wformat -Werror=format-security -fcf-protection -Wdate-time -D_FORTIFY_SOURCE=2 conftest.c >&5
configure:10145: $? = 0
configure:10145: result: yes
configure:10145: checking for stdlib.h
configure:10145: gcc -c -g -O2 -Werror=implicit-function-declaration -ffile-prefix-map=/home/rmd/repos/debian13-xfce4/xfce4-cpugraph-plugin-1.2.10=. -fstack-protector-strong -fstack-clash-protection -Wformat -Werror=format-security -fcf-protection -Wdate-time -D_FORTIFY_SOURCE=2 conftest.c >&5
configure:10145: $? = 0
configure:10145: result: yes
configure:10145: checking for string.h
configure:10145: gcc -c -g -O2 -Werror=implicit-function-declaration -ffile-prefix-map=/home/rmd/repos/debian13-xfce4/xfce4-cpugraph-plugin-1.2.10=. -fstack-protector-strong -fstack-clash-protection -Wformat -Werror=format-security -fcf-protection -Wdate-time -D_FORTIFY_SOURCE=2 conftest.c >&5
configure:10145: $? = 0
configure:10145: result: yes
configure:10145: checking for inttypes.h
configure:10145: gcc -c -g -O2 -Werror=implicit-function-declaration -ffile-prefix-map=/home/rmd/repos/debian13-xfce4/xfce4-cpugraph-plugin-1.2.10=. -fstack-protector-strong -fstack-clash-protection -Wformat -Werror=format-security -fcf-protection -Wdate-time -D_FORTIFY_SOURCE=2 conftest.c >&5
configure:10145: $? = 0
configure:10145: result: yes
configure:10145: checking for stdint.h
configure:10145: gcc -c -g -O2 -Werror=implicit-function-declaration -ffile-prefix-map=/home/rmd/repos/debian13-xfce4/xfce4-cpugraph-plugin-1.2.10=. -fstack-protector-strong -fstack-clash-protection -Wformat -Werror=format-security -fcf-protection -Wdate-time -D_FORTIFY_SOURCE=2 conftest.c >&5
configure:10145: $? = 0
configure:10145: result: yes
configure:10145: checking for strings.h
configure:10145: gcc -c -g -O2 -Werror=implicit-function-declaration -ffile-prefix-map=/home/rmd/repos/debian13-xfce4/xfce4-cpugraph-plugin-1.2.10=. -fstack-protector-strong -fstack-clash-protection -Wformat -Werror=format-security -fcf-protection -Wdate-time -D_FORTIFY_SOURCE=2 conftest.c >&5
configure:10145: $? = 0
configure:10145: result: yes
configure:10145: checking for sys/stat.h
configure:10145: gcc -c -g -O2 -Werror=implicit-function-declaration -ffile-prefix-map=/home/rmd/repos/debian13-xfce4/xfce4-cpugraph-plugin-1.2.10=. -fstack-protector-strong -fstack-clash-protection -Wformat -Werror=format-security -fcf-protection -Wdate-time -D_FORTIFY_SOURCE=2 conftest.c >&5
configure:10145: $? = 0
configure:10145: result: yes
configure:10145: checking for sys/types.h
configure:10145: gcc -c -g -O2 -Werror=implicit-function-declaration -ffile-prefix-map=/home/rmd/repos/debian13-xfce4/xfce4-cpugraph-plugin-1.2.10=. -fstack-protector-strong -fstack-clash-protection -Wformat -Werror=format-security -fcf-protection -Wdate-time -D_FORTIFY_SOURCE=2 conftest.c >&5
configure:10145: $? = 0
configure:10145: result: yes
configure:10145: checking for unistd.h
configure:10145: gcc -c -g -O2 -Werror=implicit-function-declaration -ffile-prefix-map=/home/rmd/repos/debian13-xfce4/xfce4-cpugraph-plugin-1.2.10=. -fstack-protector-strong -fstack-clash-protection -Wformat -Werror=format-security -fcf-protection -Wdate-time -D_FORTIFY_SOURCE=2 conftest.c >&5
configure:10145: $? = 0
configure:10145: result: yes
configure:10170: checking for dlfcn.h
configure:10170: gcc -c -g -O2 -Werror=implicit-function-declaration -ffile-prefix-map=/home/rmd/repos/debian13-xfce4/xfce4-cpugraph-plugin-1.2.10=. -fstack-protector-strong -fstack-clash-protection -Wformat -Werror=format-security -fcf-protection -Wdate-time -D_FORTIFY_SOURCE=2 conftest.c >&5
configure:10170: $? = 0
configure:10170: result: yes
configure:10483: checking for objdir
configure:10500: result: .libs
configure:10766: checking if gcc supports -fno-rtti -fno-exceptions
configure:10785: gcc -c -g -O2 -Werror=implicit-function-declaration -ffile-prefix-map=/home/rmd/repos/debian13-xfce4/xfce4-cpugraph-plugin-1.2.10=. -fstack-protector-strong -fstack-clash-protection -Wformat -Werror=format-security -fcf-protection -Wdate-time -D_FORTIFY_SOURCE=2 -fno-rtti -fno-exceptions conftest.c >&5
cc1: warning: command-line option '-fno-rtti' is valid for C++/D/ObjC++ but not for C
configure:10789: $? = 0
configure:10803: result: no
configure:11182: checking for gcc option to produce PIC
configure:11191: result: -fPIC -DPIC
configure:11199: checking if gcc PIC flag -fPIC -DPIC works
configure:11218: gcc -c -g -O2 -Werror=implicit-function-declaration -ffile-prefix-map=/home/rmd/repos/debian13-xfce4/xfce4-cpugraph-plugin-1.2.10=. -fstack-protector-strong -fstack-clash-protection -Wformat -Werror=format-security -fcf-protection -Wdate-time -D_FORTIFY_SOURCE=2 -fPIC -DPIC -DPIC conftest.c >&5
configure:11222: $? = 0
configure:11236: result: yes
configure:11265: checking if gcc static flag -static works
configure:11295: result: yes
configure:11310: checking if gcc supports -c -o file.o
configure:11332: gcc -c -g -O2 -Werror=implicit-function-declaration -ffile-prefix-map=/home/rmd/repos/debian13-xfce4/xfce4-cpugraph-plugin-1.2.10=. -fstack-protector-strong -fstack-clash-protection -Wformat -Werror=format-security -fcf-protection -Wdate-time -D_FORTIFY_SOURCE=2 -o out/conftest2.o conftest.c >&5
configure:11336: $? = 0
configure:11359: result: yes
configure:11367: checking if gcc supports -c -o file.o
configure:11416: result: yes
configure:11449: checking whether the gcc linker (/usr/bin/ld -m elf_x86_64) supports shared libraries
configure:12737: result: yes
configure:12774: checking whether -lc should be explicitly linked in
configure:12783: gcc -c -g -O2 -Werror=implicit-function-declaration -ffile-prefix-map=/home/rmd/repos/debian13-xfce4/xfce4-cpugraph-plugin-1.2.10=. -fstack-protector-strong -fstack-clash-protection -Wformat -Werror=format-security -fcf-protection -Wdate-time -D_FORTIFY_SOURCE=2 conftest.c >&5
configure:12786: $? = 0
configure:12801: gcc -shared  -fPIC -DPIC conftest.o  -v -Wl,-soname -Wl,conftest -o conftest 2\>\&1 \| /usr/bin/grep  -lc  \>/dev/null 2\>\&1
configure:12804: $? = 0
configure:12819: result: no
configure:12979: checking dynamic linker characteristics
configure:13598: gcc -o conftest -g -O2 -Werror=implicit-function-declaration -ffile-prefix-map=/home/rmd/repos/debian13-xfce4/xfce4-cpugraph-plugin-1.2.10=. -fstack-protector-strong -fstack-clash-protection -Wformat -Werror=format-security -fcf-protection -Wdate-time -D_FORTIFY_SOURCE=2 -Wl,-z,relro -Wl,-z,now -Wl,-O1 -Wl,-z,defs -Wl,-rpath -Wl,/foo conftest.c  >&5
configure:13598: $? = 0
configure:14381: result: GNU/Linux ld.so
configure:14503: checking how to hardcode library paths into programs
configure:14528: result: immediate
configure:15128: checking whether stripping libraries is possible
configure:15137: result: yes
configure:15179: checking if libtool supports shared libraries
configure:15181: result: yes
configure:15184: checking whether to build shared libraries
configure:15209: result: yes
configure:15212: checking whether to build static libraries
configure:15216: result: no
configure:15239: checking how to run the C++ preprocessor
configure:15261: g++ -E -Wdate-time -D_FORTIFY_SOURCE=2 conftest.cpp
configure:15261: $? = 0
configure:15277: g++ -E -Wdate-time -D_FORTIFY_SOURCE=2 conftest.cpp
conftest.cpp:23:10: fatal error: ac_nonexistent.h: No such file or directory
   23 | #include <ac_nonexistent.h>
      |          ^~~~~~~~~~~~~~~~~~
compilation terminated.
configure:15277: $? = 1
configure: failed program was:
| /* confdefs.h */
| #define PACKAGE_NAME "xfce4-cpugraph-plugin"
| #define PACKAGE_TARNAME "xfce4-cpugraph-plugin"
| #define PACKAGE_VERSION "1.2.10"
| #define PACKAGE_STRING "xfce4-cpugraph-plugin 1.2.10"
| #define PACKAGE_BUGREPORT "https://gitlab.xfce.org/panel-plugins/xfce4-cpugraph-plugin/"
| #define PACKAGE_URL ""
| #define PACKAGE "xfce4-cpugraph-plugin"
| #define VERSION "1.2.10"
| #define HAVE_STDIO_H 1
| #define HAVE_STDLIB_H 1
| #define HAVE_STRING_H 1
| #define HAVE_INTTYPES_H 1
| #define HAVE_STDINT_H 1
| #define HAVE_STRINGS_H 1
| #define HAVE_SYS_STAT_H 1
| #define HAVE_SYS_TYPES_H 1
| #define HAVE_UNISTD_H 1
| #define STDC_HEADERS 1
| #define HAVE_DLFCN_H 1
| #define LT_OBJDIR ".libs/"
| /* end confdefs.h.  */
| #include <ac_nonexistent.h>
configure:15306: result: g++ -E
configure:15320: g++ -E -Wdate-time -D_FORTIFY_SOURCE=2 conftest.cpp
configure:15320: $? = 0
configure:15336: g++ -E -Wdate-time -D_FORTIFY_SOURCE=2 conftest.cpp
conftest.cpp:23:10: fatal error: ac_nonexistent.h: No such file or directory
   23 | #include <ac_nonexistent.h>
      |          ^~~~~~~~~~~~~~~~~~
compilation terminated.
configure:15336: $? = 1
configure: failed program was:
| /* confdefs.h */
| #define PACKAGE_NAME "xfce4-cpugraph-plugin"
| #define PACKAGE_TARNAME "xfce4-cpugraph-plugin"
| #define PACKAGE_VERSION "1.2.10"
| #define PACKAGE_STRING "xfce4-cpugraph-plugin 1.2.10"
| #define PACKAGE_BUGREPORT "https://gitlab.xfce.org/panel-plugins/xfce4-cpugraph-plugin/"
| #define PACKAGE_URL ""
| #define PACKAGE "xfce4-cpugraph-plugin"
| #define VERSION "1.2.10"
| #define HAVE_STDIO_H 1
| #define HAVE_STDLIB_H 1
| #define HAVE_STRING_H 1
| #define HAVE_INTTYPES_H 1
| #define HAVE_STDINT_H 1
| #define HAVE_STRINGS_H 1
| #define HAVE_SYS_STAT_H 1
| #define HAVE_SYS_TYPES_H 1
| #define HAVE_UNISTD_H 1
| #define STDC_HEADERS 1
| #define HAVE_DLFCN_H 1
| #define LT_OBJDIR ".libs/"
| /* end confdefs.h.  */
| #include <ac_nonexistent.h>
configure:15504: checking for ld used by g++
configure:15573: result: /usr/bin/ld -m elf_x86_64
configure:15580: checking if the linker (/usr/bin/ld -m elf_x86_64) is GNU ld
configure:15597: result: yes
configure:15651: checking whether the g++ linker (/usr/bin/ld -m elf_x86_64) supports shared libraries
configure:16739: result: yes
configure:16775: g++ -c -g -O2 -ffile-prefix-map=/home/rmd/repos/debian13-xfce4/xfce4-cpugraph-plugin-1.2.10=. -fstack-protector-strong -fstack-clash-protection -Wformat -Werror=format-security -fcf-protection -Wdate-time -D_FORTIFY_SOURCE=2 conftest.cpp >&5
configure:16778: $? = 0
configure:17264: checking for g++ option to produce PIC
configure:17273: result: -fPIC -DPIC
configure:17281: checking if g++ PIC flag -fPIC -DPIC works
configure:17300: g++ -c -g -O2 -ffile-prefix-map=/home/rmd/repos/debian13-xfce4/xfce4-cpugraph-plugin-1.2.10=. -fstack-protector-strong -fstack-clash-protection -Wformat -Werror=format-security -fcf-protection -Wdate-time -D_FORTIFY_SOURCE=2 -fPIC -DPIC -DPIC conftest.cpp >&5
configure:17304: $? = 0
configure:17318: result: yes
configure:17341: checking if g++ static flag -static works
configure:17371: result: yes
configure:17383: checking if g++ supports -c -o file.o
configure:17405: g++ -c -g -O2 -ffile-prefix-map=/home/rmd/repos/debian13-xfce4/xfce4-cpugraph-plugin-1.2.10=. -fstack-protector-strong -fstack-clash-protection -Wformat -Werror=format-security -fcf-protection -Wdate-time -D_FORTIFY_SOURCE=2 -o out/conftest2.o conftest.cpp >&5
configure:17409: $? = 0
configure:17432: result: yes
configure:17437: checking if g++ supports -c -o file.o
configure:17486: result: yes
configure:17516: checking whether the g++ linker (/usr/bin/ld -m elf_x86_64) supports shared libraries
configure:17559: result: yes
configure:17702: checking dynamic linker characteristics
configure:19008: result: GNU/Linux ld.so
configure:19073: checking how to hardcode library paths into programs
configure:19098: result: immediate
configure:19164: checking for malloc_trim
configure:19164: gcc -o conftest -g -O2 -Werror=implicit-function-declaration -ffile-prefix-map=/home/rmd/repos/debian13-xfce4/xfce4-cpugraph-plugin-1.2.10=. -fstack-protector-strong -fstack-clash-protection -Wformat -Werror=format-security -fcf-protection -Wdate-time -D_FORTIFY_SOURCE=2 -Wl,-z,relro -Wl,-z,now -Wl,-O1 -Wl,-z,defs conftest.c  >&5
configure:19164: $? = 0
configure:19164: result: yes
configure:19240: checking for pkg-config
configure:19263: found /usr/bin/pkg-config
configure:19276: result: /usr/bin/pkg-config
configure:19301: checking pkg-config is at least version 0.9.0
configure:19304: result: yes
configure:19326: checking for glib-2.0 >= 2.50.0
configure:19330: result: 2.84.4
configure:19333: checking GLIB_CFLAGS
configure:19336: result: -I/usr/include/glib-2.0 -I/usr/lib/x86_64-linux-gnu/glib-2.0/include -I/usr/include/sysprof-6 -pthread 
configure:19339: checking GLIB_LIBS
configure:19342: result: -lglib-2.0 
configure:19359: setting GLIB_VERSION_MAX_ALLOWED and GLIB_VERSION_MIN_REQUIRED according to 2.50.0
configure:19467: checking for pkg-config
configure:19503: result: /usr/bin/pkg-config
configure:19528: checking pkg-config is at least version 0.9.0
configure:19531: result: yes
configure:19553: checking for gtk+-3.0 >= 3.22.0
configure:19557: result: 3.24.49
configure:19560: checking GTK_CFLAGS
configure:19563: result: -I/usr/include/gtk-3.0 -I/usr/include/pango-1.0 -I/usr/include/glib-2.0 -I/usr/lib/x86_64-linux-gnu/glib-2.0/include -I/usr/include/sysprof-6 -I/usr/include/harfbuzz -I/usr/include/freetype2 -I/usr/include/libpng16 -I/usr/include/libmount -I/usr/include/blkid -I/usr/include/fribidi -I/usr/include/cairo -I/usr/include/pixman-1 -I/usr/include/gdk-pixbuf-2.0 -I/usr/include/x86_64-linux-gnu -I/usr/include/webp -I/usr/include/gio-unix-2.0 -I/usr/include/cloudproviders -I/usr/include/atk-1.0 -I/usr/include/at-spi2-atk/2.0 -I/usr/include/at-spi-2.0 -I/usr/include/dbus-1.0 -I/usr/lib/x86_64-linux-gnu/dbus-1.0/include -pthread 
configure:19566: checking GTK_LIBS
configure:19569: result: -lgtk-3 -lgdk-3 -lz -lpangocairo-1.0 -lpango-1.0 -lharfbuzz -latk-1.0 -lcairo-gobject -lcairo -lgdk_pixbuf-2.0 -lgio-2.0 -lgobject-2.0 -lglib-2.0 
configure:19682: checking for pkg-config
configure:19718: result: /usr/bin/pkg-config
configure:19743: checking pkg-config is at least version 0.9.0
configure:19746: result: yes
configure:19768: checking for libxfce4panel-2.0 >= 4.16.0
configure:19772: result: 4.20.4
configure:19775: checking LIBXFCE4PANEL_CFLAGS
configure:19778: result: -I/usr/include/xfce4/libxfce4panel-2.0 -I/usr/include/gtk-3.0 -I/usr/include/pango-1.0 -I/usr/include/glib-2.0 -I/usr/lib/x86_64-linux-gnu/glib-2.0/include -I/usr/include/sysprof-6 -I/usr/include/harfbuzz -I/usr/include/freetype2 -I/usr/include/libpng16 -I/usr/include/libmount -I/usr/include/blkid -I/usr/include/fribidi -I/usr/include/cairo -I/usr/include/pixman-1 -I/usr/include/gdk-pixbuf-2.0 -I/usr/include/x86_64-linux-gnu -I/usr/include/webp -I/usr/include/gio-unix-2.0 -I/usr/include/cloudproviders -I/usr/include/atk-1.0 -I/usr/include/at-spi2-atk/2.0 -I/usr/include/at-spi-2.0 -I/usr/include/dbus-1.0 -I/usr/lib/x86_64-linux-gnu/dbus-1.0/include -I/usr/include/xfce4 -I/usr/include/xfce4/libxfce4ui-2 -pthread 
configure:19781: checking LIBXFCE4PANEL_LIBS
configure:19784: result: -lxfce4panel-2.0 -lgtk-3 -lgdk-3 -lz -lpangocairo-1.0 -lpango-1.0 -lharfbuzz -latk-1.0 -lcairo-gobject -lcairo -lgdk_pixbuf-2.0 -lgio-2.0 -lgobject-2.0 -Wl,--export-dynamic -lgmodule-2.0 -pthread -lglib-2.0 -lxfce4util -lglib-2.0 
configure:19897: checking for pkg-config
configure:19933: result: /usr/bin/pkg-config
configure:19958: checking pkg-config is at least version 0.9.0
configure:19961: result: yes
configure:19983: checking for libxfce4ui-2 >= 4.16.0
configure:19987: result: 4.20.1
configure:19990: checking LIBXFCE4UI_CFLAGS
configure:19993: result: -I/usr/include/xfce4/libxfce4ui-2 -I/usr/include/gtk-3.0 -I/usr/include/pango-1.0 -I/usr/include/glib-2.0 -I/usr/lib/x86_64-linux-gnu/glib-2.0/include -I/usr/include/sysprof-6 -I/usr/include/harfbuzz -I/usr/include/freetype2 -I/usr/include/libpng16 -I/usr/include/libmount -I/usr/include/blkid -I/usr/include/fribidi -I/usr/include/cairo -I/usr/include/pixman-1 -I/usr/include/gdk-pixbuf-2.0 -I/usr/include/x86_64-linux-gnu -I/usr/include/webp -I/usr/include/gio-unix-2.0 -I/usr/include/cloudproviders -I/usr/include/atk-1.0 -I/usr/include/at-spi2-atk/2.0 -I/usr/include/at-spi-2.0 -I/usr/include/dbus-1.0 -I/usr/lib/x86_64-linux-gnu/dbus-1.0/include -I/usr/include/xfce4 -pthread 
configure:19996: checking LIBXFCE4UI_LIBS
configure:19999: result: -lxfce4ui-2 -lgtk-3 -lgdk-3 -lz -lpangocairo-1.0 -lpango-1.0 -lharfbuzz -latk-1.0 -lcairo-gobject -lcairo -lgdk_pixbuf-2.0 -lgio-2.0 -lgobject-2.0 -lxfce4util -lglib-2.0 
configure:20112: checking for pkg-config
configure:20148: result: /usr/bin/pkg-config
configure:20173: checking pkg-config is at least version 0.9.0
configure:20176: result: yes
configure:20198: checking for libxfce4util-1.0 >= 4.17.2
configure:20202: result: 4.20.1
configure:20205: checking LIBXFCE4UTIL_CFLAGS
configure:20208: result: -I/usr/include/xfce4 -I/usr/include/glib-2.0 -I/usr/lib/x86_64-linux-gnu/glib-2.0/include -I/usr/include/sysprof-6 -pthread 
configure:20211: checking LIBXFCE4UTIL_LIBS
configure:20214: result: -lxfce4util -lglib-2.0 
configure:20327: checking for pkg-config
configure:20363: result: /usr/bin/pkg-config
configure:20388: checking pkg-config is at least version 0.9.0
configure:20391: result: yes
configure:20413: checking for libxfconf-0 >= 4.12.0
configure:20417: result: 4.20.0
configure:20420: checking XFCONF_CFLAGS
configure:20423: result: -I/usr/include/xfce4/xfconf-0 -I/usr/include/glib-2.0 -I/usr/lib/x86_64-linux-gnu/glib-2.0/include -I/usr/include/sysprof-6 -I/usr/include/libmount -I/usr/include/blkid -pthread 
configure:20426: checking XFCONF_LIBS
configure:20429: result: -lxfconf-0 -lgio-2.0 -lgobject-2.0 -lglib-2.0 
configure:20486: checking for bind_textdomain_codeset
configure:20486: gcc -o conftest -g -O2 -Werror=implicit-function-declaration -ffile-prefix-map=/home/rmd/repos/debian13-xfce4/xfce4-cpugraph-plugin-1.2.10=. -fstack-protector-strong -fstack-clash-protection -Wformat -Werror=format-security -fcf-protection -Wdate-time -D_FORTIFY_SOURCE=2 -Wl,-z,relro -Wl,-z,now -Wl,-O1 -Wl,-z,defs conftest.c  >&5
configure:20486: $? = 0
configure:20486: result: yes
configure:20493: checking for locales directory
configure:20511: result: ${prefix}/share/locale
configure:20536: checking whether to build with debugging support
configure:20577: result: minimum
configure:20589: checking if gcc supports -Wall
configure:20597: gcc -c -g -O2 -Werror=implicit-function-declaration -ffile-prefix-map=/home/rmd/repos/debian13-xfce4/xfce4-cpugraph-plugin-1.2.10=. -fstack-protector-strong -fstack-clash-protection -Wformat -Werror=format-security -fcf-protection -Wall -Wdate-time -D_FORTIFY_SOURCE=2 -DNDEBUG conftest.c >&5
configure:20597: $? = 0
configure:20606: result: yes
configure:20589: checking if gcc supports -Wextra
configure:20597: gcc -c -g -O2 -Werror=implicit-function-declaration -ffile-prefix-map=/home/rmd/repos/debian13-xfce4/xfce4-cpugraph-plugin-1.2.10=. -fstack-protector-strong -fstack-clash-protection -Wformat -Werror=format-security -fcf-protection -Wextra -Wdate-time -D_FORTIFY_SOURCE=2 -DNDEBUG conftest.c >&5
configure:20597: $? = 0
configure:20606: result: yes
configure:20589: checking if gcc supports -Wno-missing-field-initializers
configure:20597: gcc -c -g -O2 -Werror=implicit-function-declaration -ffile-prefix-map=/home/rmd/repos/debian13-xfce4/xfce4-cpugraph-plugin-1.2.10=. -fstack-protector-strong -fstack-clash-protection -Wformat -Werror=format-security -fcf-protection -Wno-missing-field-initializers -Wdate-time -D_FORTIFY_SOURCE=2 -DNDEBUG conftest.c >&5
configure:20597: $? = 0
configure:20606: result: yes
configure:20589: checking if gcc supports -Wno-unused-parameter
configure:20597: gcc -c -g -O2 -Werror=implicit-function-declaration -ffile-prefix-map=/home/rmd/repos/debian13-xfce4/xfce4-cpugraph-plugin-1.2.10=. -fstack-protector-strong -fstack-clash-protection -Wformat -Werror=format-security -fcf-protection -Wno-unused-parameter -Wdate-time -D_FORTIFY_SOURCE=2 -DNDEBUG conftest.c >&5
configure:20597: $? = 0
configure:20606: result: yes
configure:20589: checking if gcc supports -Wmissing-declarations
configure:20597: gcc -c -g -O2 -Werror=implicit-function-declaration -ffile-prefix-map=/home/rmd/repos/debian13-xfce4/xfce4-cpugraph-plugin-1.2.10=. -fstack-protector-strong -fstack-clash-protection -Wformat -Werror=format-security -fcf-protection -Wmissing-declarations -Wdate-time -D_FORTIFY_SOURCE=2 -DNDEBUG conftest.c >&5
configure:20597: $? = 0
configure:20606: result: yes
configure:20589: checking if gcc supports -Wmissing-noreturn
configure:20597: gcc -c -g -O2 -Werror=implicit-function-declaration -ffile-prefix-map=/home/rmd/repos/debian13-xfce4/xfce4-cpugraph-plugin-1.2.10=. -fstack-protector-strong -fstack-clash-protection -Wformat -Werror=format-security -fcf-protection -Wmissing-noreturn -Wdate-time -D_FORTIFY_SOURCE=2 -DNDEBUG conftest.c >&5
configure:20597: $? = 0
configure:20606: result: yes
configure:20589: checking if gcc supports -Wpointer-arith
configure:20597: gcc -c -g -O2 -Werror=implicit-function-declaration -ffile-prefix-map=/home/rmd/repos/debian13-xfce4/xfce4-cpugraph-plugin-1.2.10=. -fstack-protector-strong -fstack-clash-protection -Wformat -Werror=format-security -fcf-protection -Wpointer-arith -Wdate-time -D_FORTIFY_SOURCE=2 -DNDEBUG conftest.c >&5
configure:20597: $? = 0
configure:20606: result: yes
configure:20589: checking if gcc supports -Wcast-align
configure:20597: gcc -c -g -O2 -Werror=implicit-function-declaration -ffile-prefix-map=/home/rmd/repos/debian13-xfce4/xfce4-cpugraph-plugin-1.2.10=. -fstack-protector-strong -fstack-clash-protection -Wformat -Werror=format-security -fcf-protection -Wcast-align -Wdate-time -D_FORTIFY_SOURCE=2 -DNDEBUG conftest.c >&5
configure:20597: $? = 0
configure:20606: result: yes
configure:20589: checking if gcc supports -Wformat
configure:20597: gcc -c -g -O2 -Werror=implicit-function-declaration -ffile-prefix-map=/home/rmd/repos/debian13-xfce4/xfce4-cpugraph-plugin-1.2.10=. -fstack-protector-strong -fstack-clash-protection -Wformat -Werror=format-security -fcf-protection -Wformat -Wdate-time -D_FORTIFY_SOURCE=2 -DNDEBUG conftest.c >&5
configure:20597: $? = 0
configure:20606: result: yes
configure:20589: checking if gcc supports -Wformat-security
configure:20597: gcc -c -g -O2 -Werror=implicit-function-declaration -ffile-prefix-map=/home/rmd/repos/debian13-xfce4/xfce4-cpugraph-plugin-1.2.10=. -fstack-protector-strong -fstack-clash-protection -Wformat -Werror=format-security -fcf-protection -Wformat-security -Wdate-time -D_FORTIFY_SOURCE=2 -DNDEBUG conftest.c >&5
configure:20597: $? = 0
configure:20606: result: yes
configure:20589: checking if gcc supports -Wformat-y2k
configure:20597: gcc -c -g -O2 -Werror=implicit-function-declaration -ffile-prefix-map=/home/rmd/repos/debian13-xfce4/xfce4-cpugraph-plugin-1.2.10=. -fstack-protector-strong -fstack-clash-protection -Wformat -Werror=format-security -fcf-protection -Wformat-y2k -Wdate-time -D_FORTIFY_SOURCE=2 -DNDEBUG conftest.c >&5
configure:20597: $? = 0
configure:20606: result: yes
configure:20589: checking if gcc supports -Winit-self
configure:20597: gcc -c -g -O2 -Werror=implicit-function-declaration -ffile-prefix-map=/home/rmd/repos/debian13-xfce4/xfce4-cpugraph-plugin-1.2.10=. -fstack-protector-strong -fstack-clash-protection -Wformat -Werror=format-security -fcf-protection -Winit-self -Wdate-time -D_FORTIFY_SOURCE=2 -DNDEBUG conftest.c >&5
configure:20597: $? = 0
configure:20606: result: yes
configure:20589: checking if gcc supports -Wmissing-include-dirs
configure:20597: gcc -c -g -O2 -Werror=implicit-function-declaration -ffile-prefix-map=/home/rmd/repos/debian13-xfce4/xfce4-cpugraph-plugin-1.2.10=. -fstack-protector-strong -fstack-clash-protection -Wformat -Werror=format-security -fcf-protection -Wmissing-include-dirs -Wdate-time -D_FORTIFY_SOURCE=2 -DNDEBUG conftest.c >&5
configure:20597: $? = 0
configure:20606: result: yes
configure:20589: checking if gcc supports -Wundef
configure:20597: gcc -c -g -O2 -Werror=implicit-function-declaration -ffile-prefix-map=/home/rmd/repos/debian13-xfce4/xfce4-cpugraph-plugin-1.2.10=. -fstack-protector-strong -fstack-clash-protection -Wformat -Werror=format-security -fcf-protection -Wundef -Wdate-time -D_FORTIFY_SOURCE=2 -DNDEBUG conftest.c >&5
configure:20597: $? = 0
configure:20606: result: yes
configure:20589: checking if gcc supports -Wredundant-decls
configure:20597: gcc -c -g -O2 -Werror=implicit-function-declaration -ffile-prefix-map=/home/rmd/repos/debian13-xfce4/xfce4-cpugraph-plugin-1.2.10=. -fstack-protector-strong -fstack-clash-protection -Wformat -Werror=format-security -fcf-protection -Wredundant-decls -Wdate-time -D_FORTIFY_SOURCE=2 -DNDEBUG conftest.c >&5
configure:20597: $? = 0
configure:20606: result: yes
configure:20589: checking if gcc supports -Wshadow
configure:20597: gcc -c -g -O2 -Werror=implicit-function-declaration -ffile-prefix-map=/home/rmd/repos/debian13-xfce4/xfce4-cpugraph-plugin-1.2.10=. -fstack-protector-strong -fstack-clash-protection -Wformat -Werror=format-security -fcf-protection -Wshadow -Wdate-time -D_FORTIFY_SOURCE=2 -DNDEBUG conftest.c >&5
configure:20597: $? = 0
configure:20606: result: yes
configure:20589: checking if gcc supports -Wnested-externs
configure:20597: gcc -c -g -O2 -Werror=implicit-function-declaration -ffile-prefix-map=/home/rmd/repos/debian13-xfce4/xfce4-cpugraph-plugin-1.2.10=. -fstack-protector-strong -fstack-clash-protection -Wformat -Werror=format-security -fcf-protection -Wnested-externs -Wdate-time -D_FORTIFY_SOURCE=2 -DNDEBUG conftest.c >&5
configure:20597: $? = 0
configure:20606: result: yes
configure:20589: checking if gcc supports -Wold-style-definition
configure:20597: gcc -c -g -O2 -Werror=implicit-function-declaration -ffile-prefix-map=/home/rmd/repos/debian13-xfce4/xfce4-cpugraph-plugin-1.2.10=. -fstack-protector-strong -fstack-clash-protection -Wformat -Werror=format-security -fcf-protection -Wold-style-definition -Wdate-time -D_FORTIFY_SOURCE=2 -DNDEBUG conftest.c >&5
configure:20597: $? = 0
configure:20606: result: yes
configure:20616: checking if gcc supports -Wall
configure:20624: gcc -c -g -O2 -Werror=implicit-function-declaration -ffile-prefix-map=/home/rmd/repos/debian13-xfce4/xfce4-cpugraph-plugin-1.2.10=. -fstack-protector-strong -fstack-clash-protection -Wformat -Werror=format-security -fcf-protection -Wall -Wdate-time -D_FORTIFY_SOURCE=2 -DNDEBUG conftest.c >&5
configure:20624: $? = 0
configure:20633: result: yes
configure:20616: checking if gcc supports -Wextra
configure:20624: gcc -c -g -O2 -Werror=implicit-function-declaration -ffile-prefix-map=/home/rmd/repos/debian13-xfce4/xfce4-cpugraph-plugin-1.2.10=. -fstack-protector-strong -fstack-clash-protection -Wformat -Werror=format-security -fcf-protection -Wextra -Wdate-time -D_FORTIFY_SOURCE=2 -DNDEBUG conftest.c >&5
configure:20624: $? = 0
configure:20633: result: yes
configure:20616: checking if gcc supports -Wno-missing-field-initializers
configure:20624: gcc -c -g -O2 -Werror=implicit-function-declaration -ffile-prefix-map=/home/rmd/repos/debian13-xfce4/xfce4-cpugraph-plugin-1.2.10=. -fstack-protector-strong -fstack-clash-protection -Wformat -Werror=format-security -fcf-protection -Wno-missing-field-initializers -Wdate-time -D_FORTIFY_SOURCE=2 -DNDEBUG conftest.c >&5
configure:20624: $? = 0
configure:20633: result: yes
configure:20616: checking if gcc supports -Wno-unused-parameter
configure:20624: gcc -c -g -O2 -Werror=implicit-function-declaration -ffile-prefix-map=/home/rmd/repos/debian13-xfce4/xfce4-cpugraph-plugin-1.2.10=. -fstack-protector-strong -fstack-clash-protection -Wformat -Werror=format-security -fcf-protection -Wno-unused-parameter -Wdate-time -D_FORTIFY_SOURCE=2 -DNDEBUG conftest.c >&5
configure:20624: $? = 0
configure:20633: result: yes
configure:20616: checking if gcc supports -Wmissing-declarations
configure:20624: gcc -c -g -O2 -Werror=implicit-function-declaration -ffile-prefix-map=/home/rmd/repos/debian13-xfce4/xfce4-cpugraph-plugin-1.2.10=. -fstack-protector-strong -fstack-clash-protection -Wformat -Werror=format-security -fcf-protection -Wmissing-declarations -Wdate-time -D_FORTIFY_SOURCE=2 -DNDEBUG conftest.c >&5
configure:20624: $? = 0
configure:20633: result: yes
configure:20616: checking if gcc supports -Wmissing-noreturn
configure:20624: gcc -c -g -O2 -Werror=implicit-function-declaration -ffile-prefix-map=/home/rmd/repos/debian13-xfce4/xfce4-cpugraph-plugin-1.2.10=. -fstack-protector-strong -fstack-clash-protection -Wformat -Werror=format-security -fcf-protection -Wmissing-noreturn -Wdate-time -D_FORTIFY_SOURCE=2 -DNDEBUG conftest.c >&5
configure:20624: $? = 0
configure:20633: result: yes
configure:20616: checking if gcc supports -Wpointer-arith
configure:20624: gcc -c -g -O2 -Werror=implicit-function-declaration -ffile-prefix-map=/home/rmd/repos/debian13-xfce4/xfce4-cpugraph-plugin-1.2.10=. -fstack-protector-strong -fstack-clash-protection -Wformat -Werror=format-security -fcf-protection -Wpointer-arith -Wdate-time -D_FORTIFY_SOURCE=2 -DNDEBUG conftest.c >&5
configure:20624: $? = 0
configure:20633: result: yes
configure:20616: checking if gcc supports -Wcast-align
configure:20624: gcc -c -g -O2 -Werror=implicit-function-declaration -ffile-prefix-map=/home/rmd/repos/debian13-xfce4/xfce4-cpugraph-plugin-1.2.10=. -fstack-protector-strong -fstack-clash-protection -Wformat -Werror=format-security -fcf-protection -Wcast-align -Wdate-time -D_FORTIFY_SOURCE=2 -DNDEBUG conftest.c >&5
configure:20624: $? = 0
configure:20633: result: yes
configure:20616: checking if gcc supports -Wformat
configure:20624: gcc -c -g -O2 -Werror=implicit-function-declaration -ffile-prefix-map=/home/rmd/repos/debian13-xfce4/xfce4-cpugraph-plugin-1.2.10=. -fstack-protector-strong -fstack-clash-protection -Wformat -Werror=format-security -fcf-protection -Wformat -Wdate-time -D_FORTIFY_SOURCE=2 -DNDEBUG conftest.c >&5
configure:20624: $? = 0
configure:20633: result: yes
configure:20616: checking if gcc supports -Wformat-security
configure:20624: gcc -c -g -O2 -Werror=implicit-function-declaration -ffile-prefix-map=/home/rmd/repos/debian13-xfce4/xfce4-cpugraph-plugin-1.2.10=. -fstack-protector-strong -fstack-clash-protection -Wformat -Werror=format-security -fcf-protection -Wformat-security -Wdate-time -D_FORTIFY_SOURCE=2 -DNDEBUG conftest.c >&5
configure:20624: $? = 0
configure:20633: result: yes
configure:20616: checking if gcc supports -Wformat-y2k
configure:20624: gcc -c -g -O2 -Werror=implicit-function-declaration -ffile-prefix-map=/home/rmd/repos/debian13-xfce4/xfce4-cpugraph-plugin-1.2.10=. -fstack-protector-strong -fstack-clash-protection -Wformat -Werror=format-security -fcf-protection -Wformat-y2k -Wdate-time -D_FORTIFY_SOURCE=2 -DNDEBUG conftest.c >&5
configure:20624: $? = 0
configure:20633: result: yes
configure:20616: checking if gcc supports -Winit-self
configure:20624: gcc -c -g -O2 -Werror=implicit-function-declaration -ffile-prefix-map=/home/rmd/repos/debian13-xfce4/xfce4-cpugraph-plugin-1.2.10=. -fstack-protector-strong -fstack-clash-protection -Wformat -Werror=format-security -fcf-protection -Winit-self -Wdate-time -D_FORTIFY_SOURCE=2 -DNDEBUG conftest.c >&5
configure:20624: $? = 0
configure:20633: result: yes
configure:20616: checking if gcc supports -Wmissing-include-dirs
configure:20624: gcc -c -g -O2 -Werror=implicit-function-declaration -ffile-prefix-map=/home/rmd/repos/debian13-xfce4/xfce4-cpugraph-plugin-1.2.10=. -fstack-protector-strong -fstack-clash-protection -Wformat -Werror=format-security -fcf-protection -Wmissing-include-dirs -Wdate-time -D_FORTIFY_SOURCE=2 -DNDEBUG conftest.c >&5
configure:20624: $? = 0
configure:20633: result: yes
configure:20616: checking if gcc supports -Wundef
configure:20624: gcc -c -g -O2 -Werror=implicit-function-declaration -ffile-prefix-map=/home/rmd/repos/debian13-xfce4/xfce4-cpugraph-plugin-1.2.10=. -fstack-protector-strong -fstack-clash-protection -Wformat -Werror=format-security -fcf-protection -Wundef -Wdate-time -D_FORTIFY_SOURCE=2 -DNDEBUG conftest.c >&5
configure:20624: $? = 0
configure:20633: result: yes
configure:20616: checking if gcc supports -Wredundant-decls
configure:20624: gcc -c -g -O2 -Werror=implicit-function-declaration -ffile-prefix-map=/home/rmd/repos/debian13-xfce4/xfce4-cpugraph-plugin-1.2.10=. -fstack-protector-strong -fstack-clash-protection -Wformat -Werror=format-security -fcf-protection -Wredundant-decls -Wdate-time -D_FORTIFY_SOURCE=2 -DNDEBUG conftest.c >&5
configure:20624: $? = 0
configure:20633: result: yes
configure:20616: checking if gcc supports -Wshadow
configure:20624: gcc -c -g -O2 -Werror=implicit-function-declaration -ffile-prefix-map=/home/rmd/repos/debian13-xfce4/xfce4-cpugraph-plugin-1.2.10=. -fstack-protector-strong -fstack-clash-protection -Wformat -Werror=format-security -fcf-protection -Wshadow -Wdate-time -D_FORTIFY_SOURCE=2 -DNDEBUG conftest.c >&5
configure:20624: $? = 0
configure:20633: result: yes
configure:20752: checking that generated files are newer than configure
configure:20758: result: done
configure:20805: creating ./config.status

## ---------------------- ##
## Running config.status. ##
## ---------------------- ##

This file was extended by xfce4-cpugraph-plugin config.status 1.2.10, which was
generated by GNU Autoconf 2.72.  Invocation command line was

  CONFIG_FILES    = 
  CONFIG_HEADERS  = 
  CONFIG_LINKS    = 
  CONFIG_COMMANDS = 
  $ ./config.status 

on proteus-2

config.status:1270: creating Makefile
config.status:1270: creating panel-plugin/Makefile
config.status:1270: creating icons/Makefile
config.status:1270: creating icons/16x16/Makefile
config.status:1270: creating icons/24x24/Makefile
config.status:1270: creating icons/32x32/Makefile
config.status:1270: creating icons/128x128/Makefile
config.status:1270: creating icons/scalable/Makefile
config.status:1270: creating po/Makefile.in
config.status:1270: creating config.h
config.status:1499: executing depfiles commands
config.status:1499: executing libtool commands
config.status:1499: executing po/stamp-it commands

## ---------------- ##
## Cache variables. ##
## ---------------- ##

ac_cv_build=x86_64-pc-linux-gnu
ac_cv_c_compiler_gnu=yes
ac_cv_cxx_compiler_gnu=yes
ac_cv_env_CCC_set=
ac_cv_env_CCC_value=
ac_cv_env_CC_set=
ac_cv_env_CC_value=
ac_cv_env_CFLAGS_set=set
ac_cv_env_CFLAGS_value='-g -O2 -Werror=implicit-function-declaration -ffile-prefix-map=/home/rmd/repos/debian13-xfce4/xfce4-cpugraph-plugin-1.2.10=. -fstack-protector-strong -fstack-clash-protection -Wformat -Werror=format-security -fcf-protection'
ac_cv_env_CPPFLAGS_set=set
ac_cv_env_CPPFLAGS_value='-Wdate-time -D_FORTIFY_SOURCE=2'
ac_cv_env_CXXCPP_set=
ac_cv_env_CXXCPP_value=
ac_cv_env_CXXFLAGS_set=set
ac_cv_env_CXXFLAGS_value='-g -O2 -ffile-prefix-map=/home/rmd/repos/debian13-xfce4/xfce4-cpugraph-plugin-1.2.10=. -fstack-protector-strong -fstack-clash-protection -Wformat -Werror=format-security -fcf-protection'
ac_cv_env_CXX_set=
ac_cv_env_CXX_value=
ac_cv_env_LDFLAGS_set=set
ac_cv_env_LDFLAGS_value='-Wl,-z,relro -Wl,-z,now -Wl,-O1 -Wl,-z,defs'
ac_cv_env_LIBS_set=
ac_cv_env_LIBS_value=
ac_cv_env_LT_SYS_LIBRARY_PATH_set=
ac_cv_env_LT_SYS_LIBRARY_PATH_value=
ac_cv_env_PKG_CONFIG_LIBDIR_set=
ac_cv_env_PKG_CONFIG_LIBDIR_value=
ac_cv_env_PKG_CONFIG_PATH_set=
ac_cv_env_PKG_CONFIG_PATH_value=
ac_cv_env_PKG_CONFIG_set=
ac_cv_env_PKG_CONFIG_value=
ac_cv_env_build_alias_set=set
ac_cv_env_build_alias_value=x86_64-linux-gnu
ac_cv_env_host_alias_set=
ac_cv_env_host_alias_value=
ac_cv_env_target_alias_set=
ac_cv_env_target_alias_value=
ac_cv_func_bind_textdomain_codeset=yes
ac_cv_func_malloc_trim=yes
ac_cv_header_dlfcn_h=yes
ac_cv_header_inttypes_h=yes
ac_cv_header_stdint_h=yes
ac_cv_header_stdio_h=yes
ac_cv_header_stdlib_h=yes
ac_cv_header_string_h=yes
ac_cv_header_strings_h=yes
ac_cv_header_sys_stat_h=yes
ac_cv_header_sys_types_h=yes
ac_cv_header_unistd_h=yes
ac_cv_host=x86_64-pc-linux-gnu
ac_cv_objext=o
ac_cv_path_EGREP='/usr/bin/grep -E'
ac_cv_path_EGREP_TRADITIONAL='/usr/bin/grep -E'
ac_cv_path_FGREP='/usr/bin/grep -F'
ac_cv_path_GMSGFMT=/usr/bin/msgfmt
ac_cv_path_GREP=/usr/bin/grep
ac_cv_path_INTLTOOL_EXTRACT=/usr/bin/intltool-extract
ac_cv_path_INTLTOOL_MERGE=/usr/bin/intltool-merge
ac_cv_path_INTLTOOL_PERL=/usr/bin/perl
ac_cv_path_INTLTOOL_UPDATE=/usr/bin/intltool-update
ac_cv_path_MSGFMT=/usr/bin/msgfmt
ac_cv_path_MSGMERGE=/usr/bin/msgmerge
ac_cv_path_SED=/usr/bin/sed
ac_cv_path_XGETTEXT=/usr/bin/xgettext
ac_cv_path_ac_pt_PKG_CONFIG=/usr/bin/pkg-config
ac_cv_path_install='/usr/bin/install -c'
ac_cv_path_lt_DD=/usr/bin/dd
ac_cv_path_mkdir=/usr/bin/mkdir
ac_cv_prog_AWK=gawk
ac_cv_prog_CXXCPP='g++ -E'
ac_cv_prog_FILECMD=file
ac_cv_prog_ac_ct_AR=ar
ac_cv_prog_ac_ct_CC=gcc
ac_cv_prog_ac_ct_CXX=g++
ac_cv_prog_ac_ct_MANIFEST_TOOL=mt
ac_cv_prog_ac_ct_OBJDUMP=objdump
ac_cv_prog_ac_ct_RANLIB=ranlib
ac_cv_prog_ac_ct_STRIP=strip
ac_cv_prog_cc_c11=
ac_cv_prog_cc_g=yes
ac_cv_prog_cc_stdc=
ac_cv_prog_cxx_cxx11=
ac_cv_prog_cxx_g=yes
ac_cv_prog_cxx_stdcxx=
ac_cv_prog_make_make_set=yes
am_cv_CC_dependencies_compiler_type=none
am_cv_CXX_dependencies_compiler_type=none
am_cv_filesystem_timestamp_resolution=0.01
am_cv_make_support_nested_variables=yes
am_cv_prog_cc_c_o=yes
am_cv_prog_tar_ustar=gnutar
am_cv_sleep_fractional_seconds=yes
am_cv_xargs_n_works=yes
lt_cv_ar_at_file=@
lt_cv_archive_cmds_need_lc=no
lt_cv_deplibs_check_method=pass_all
lt_cv_file_magic_cmd='$MAGIC_CMD'
lt_cv_file_magic_test_file=
lt_cv_ld_reload_flag=-r
lt_cv_nm_interface='BSD nm'
lt_cv_objdir=.libs
lt_cv_path_LD=/usr/bin/ld
lt_cv_path_LDCXX='/usr/bin/ld -m elf_x86_64'
lt_cv_path_NM='/usr/bin/nm -B'
lt_cv_path_manifest_tool=no
lt_cv_prog_compiler_c_o=yes
lt_cv_prog_compiler_c_o_CXX=yes
lt_cv_prog_compiler_pic='-fPIC -DPIC'
lt_cv_prog_compiler_pic_CXX='-fPIC -DPIC'
lt_cv_prog_compiler_pic_works=yes
lt_cv_prog_compiler_pic_works_CXX=yes
lt_cv_prog_compiler_rtti_exceptions=no
lt_cv_prog_compiler_static_works=yes
lt_cv_prog_compiler_static_works_CXX=yes
lt_cv_prog_gnu_ld=yes
lt_cv_prog_gnu_ldcxx=yes
lt_cv_sharedlib_from_linklib_cmd='printf %s\n'
lt_cv_shlibpath_overrides_runpath=yes
lt_cv_sys_global_symbol_pipe='/usr/bin/sed -n -e '\''s/^.*[	 ]\([ABCDGIRSTW][ABCDGIRSTW]*\)[	 ][	 ]*\([_A-Za-z][_A-Za-z0-9]*\)$/\1 \2 \2/p'\'' | /usr/bin/sed '\''/ __gnu_lto/d'\'''
lt_cv_sys_global_symbol_to_c_name_address='/usr/bin/sed -n -e '\''s/^: \(.*\) .*$/  {"\1", (void *) 0},/p'\'' -e '\''s/^[ABCDGIRSTW][ABCDGIRSTW]* .* \(.*\)$/  {"\1", (void *) \&\1},/p'\'''
lt_cv_sys_global_symbol_to_c_name_address_lib_prefix='/usr/bin/sed -n -e '\''s/^: \(.*\) .*$/  {"\1", (void *) 0},/p'\'' -e '\''s/^[ABCDGIRSTW][ABCDGIRSTW]* .* \(lib.*\)$/  {"\1", (void *) \&\1},/p'\'' -e '\''s/^[ABCDGIRSTW][ABCDGIRSTW]* .* \(.*\)$/  {"lib\1", (void *) \&\1},/p'\'''
lt_cv_sys_global_symbol_to_cdecl='/usr/bin/sed -n -e '\''s/^T .* \(.*\)$/extern int \1();/p'\'' -e '\''s/^[ABCDGIRSTW][ABCDGIRSTW]* .* \(.*\)$/extern char \1;/p'\'''
lt_cv_sys_global_symbol_to_import=
lt_cv_sys_max_cmd_len=1572864
lt_cv_to_host_file_cmd=func_convert_file_noop
lt_cv_to_tool_file_cmd=func_convert_file_noop
lt_cv_truncate_bin='/usr/bin/dd bs=4096 count=1'
xdt_cv_PKG_CONFIG_MIN_VERSION=0.9.0
xdt_cv_additional_CFLAGS='-Wall -Wextra                                   -Wno-missing-field-initializers                                   -Wno-unused-parameter                                   -Wmissing-declarations                                   -Wmissing-noreturn -Wpointer-arith                                   -Wcast-align -Wformat -Wformat-security -Wformat-y2k                                   -Winit-self -Wmissing-include-dirs -Wundef                                   -Wredundant-decls -Wshadow                             -Wnested-externs                             -Wold-style-definition'
xdt_cv_additional_COMMON_FLAGS='-Wall -Wextra                                   -Wno-missing-field-initializers                                   -Wno-unused-parameter                                   -Wmissing-declarations                                   -Wmissing-noreturn -Wpointer-arith                                   -Wcast-align -Wformat -Wformat-security -Wformat-y2k                                   -Winit-self -Wmissing-include-dirs -Wundef                                   -Wredundant-decls -Wshadow'
xdt_cv_additional_CXXFLAGS='-Wall -Wextra                                   -Wno-missing-field-initializers                                   -Wno-unused-parameter                                   -Wmissing-declarations                                   -Wmissing-noreturn -Wpointer-arith                                   -Wcast-align -Wformat -Wformat-security -Wformat-y2k                                   -Winit-self -Wmissing-include-dirs -Wundef                                   -Wredundant-decls -Wshadow'

## ----------------- ##
## Output variables. ##
## ----------------- ##

ACLOCAL='${SHELL} '\''/home/rmd/repos/debian13-xfce4/xfce4-cpugraph-plugin-1.2.10/missing'\'' aclocal-1.17'
ALL_LINGUAS='ar ast be bg ca cs da de el en_AU en_CA en_GB es et eu fi fr gl he hr hu hy_AM hye id ie is it ja kk ko lt lv ms nb nl oc pa pl pt pt_BR ro ru sk sl sq sr sv th tr ug uk ur ur_PK vi zh_CN zh_TW'
AMDEPBACKSLASH=''
AMDEP_FALSE=''
AMDEP_TRUE='#'
AMTAR='$${TAR-tar}'
AM_BACKSLASH='\'
AM_DEFAULT_V='$(AM_DEFAULT_VERBOSITY)'
AM_DEFAULT_VERBOSITY='1'
AM_V='$(V)'
AR='ar'
AUTOCONF='${SHELL} '\''/home/rmd/repos/debian13-xfce4/xfce4-cpugraph-plugin-1.2.10/missing'\'' autoconf'
AUTOHEADER='${SHELL} '\''/home/rmd/repos/debian13-xfce4/xfce4-cpugraph-plugin-1.2.10/missing'\'' autoheader'
AUTOMAKE='${SHELL} '\''/home/rmd/repos/debian13-xfce4/xfce4-cpugraph-plugin-1.2.10/missing'\'' automake-1.17'
AWK='gawk'
CC='gcc'
CCDEPMODE='depmode=none'
CFLAGS='-g -O2 -Werror=implicit-function-declaration -ffile-prefix-map=/home/rmd/repos/debian13-xfce4/xfce4-cpugraph-plugin-1.2.10=. -fstack-protector-strong -fstack-clash-protection -Wformat -Werror=format-security -fcf-protection  -Wall -Wextra -Wno-missing-field-initializers -Wno-unused-parameter -Wmissing-declarations -Wmissing-noreturn -Wpointer-arith -Wcast-align -Wformat -Wformat-security -Wformat-y2k -Winit-self -Wmissing-include-dirs -Wundef -Wredundant-decls -Wshadow -Wnested-externs -Wold-style-definition'
CPPFLAGS='-Wdate-time -D_FORTIFY_SOURCE=2 -DNDEBUG'
CSCOPE='cscope'
CTAGS='ctags'
CXX='g++'
CXXCPP='g++ -E'
CXXDEPMODE='depmode=none'
CXXFLAGS='-g -O2 -ffile-prefix-map=/home/rmd/repos/debian13-xfce4/xfce4-cpugraph-plugin-1.2.10=. -fstack-protector-strong -fstack-clash-protection -Wformat -Werror=format-security -fcf-protection  -Wall -Wextra -Wno-missing-field-initializers -Wno-unused-parameter -Wmissing-declarations -Wmissing-noreturn -Wpointer-arith -Wcast-align -Wformat -Wformat-security -Wformat-y2k -Winit-self -Wmissing-include-dirs -Wundef -Wredundant-decls -Wshadow'
CYGPATH_W='echo'
DEFS='-DHAVE_CONFIG_H'
DEPDIR='.deps'
DLLTOOL='false'
DSYMUTIL=''
DUMPBIN=''
ECHO_C=''
ECHO_N='-n'
ECHO_T=''
EGREP='/usr/bin/grep -E'
ETAGS='etags'
EXEEXT=''
FGREP='/usr/bin/grep -F'
FILECMD='file'
GETTEXT_PACKAGE='xfce4-cpugraph-plugin'
GLIB_CFLAGS='-I/usr/include/glib-2.0 -I/usr/lib/x86_64-linux-gnu/glib-2.0/include -I/usr/include/sysprof-6 -pthread '
GLIB_LIBS='-lglib-2.0 '
GLIB_REQUIRED_VERSION='2.50.0'
GLIB_VERSION='2.84.4'
GMSGFMT='/usr/bin/msgfmt'
GREP='/usr/bin/grep'
GTK_CFLAGS='-I/usr/include/gtk-3.0 -I/usr/include/pango-1.0 -I/usr/include/glib-2.0 -I/usr/lib/x86_64-linux-gnu/glib-2.0/include -I/usr/include/sysprof-6 -I/usr/include/harfbuzz -I/usr/include/freetype2 -I/usr/include/libpng16 -I/usr/include/libmount -I/usr/include/blkid -I/usr/include/fribidi -I/usr/include/cairo -I/usr/include/pixman-1 -I/usr/include/gdk-pixbuf-2.0 -I/usr/include/x86_64-linux-gnu -I/usr/include/webp -I/usr/include/gio-unix-2.0 -I/usr/include/cloudproviders -I/usr/include/atk-1.0 -I/usr/include/at-spi2-atk/2.0 -I/usr/include/at-spi-2.0 -I/usr/include/dbus-1.0 -I/usr/lib/x86_64-linux-gnu/dbus-1.0/include -pthread '
GTK_LIBS='-lgtk-3 -lgdk-3 -lz -lpangocairo-1.0 -lpango-1.0 -lharfbuzz -latk-1.0 -lcairo-gobject -lcairo -lgdk_pixbuf-2.0 -lgio-2.0 -lgobject-2.0 -lglib-2.0 '
GTK_REQUIRED_VERSION='3.22.0'
GTK_VERSION='3.24.49'
INSTALL_DATA='${INSTALL} -m 644'
INSTALL_PROGRAM='${INSTALL}'
INSTALL_SCRIPT='${INSTALL}'
INSTALL_STRIP_PROGRAM='$(install_sh) -c -s'
INTLTOOL_CAVES_RULE='%.caves:     %.caves.in     $(INTLTOOL_MERGE) $(wildcard $(top_srcdir)/po/*.po) ; $(INTLTOOL_V_MERGE)LC_ALL=C $(INTLTOOL_MERGE) $(INTLTOOL_V_MERGE_OPTIONS) -d -u -c $(top_builddir)/po/.intltool-merge-cache $(top_srcdir)/po $< $@'
INTLTOOL_DESKTOP_RULE='%.desktop:   %.desktop.in   $(INTLTOOL_MERGE) $(wildcard $(top_srcdir)/po/*.po) ; $(INTLTOOL_V_MERGE)LC_ALL=C $(INTLTOOL_MERGE) $(INTLTOOL_V_MERGE_OPTIONS) -d -u -c $(top_builddir)/po/.intltool-merge-cache $(top_srcdir)/po $< $@'
INTLTOOL_DIRECTORY_RULE='%.directory: %.directory.in $(INTLTOOL_MERGE) $(wildcard $(top_srcdir)/po/*.po) ; $(INTLTOOL_V_MERGE)LC_ALL=C $(INTLTOOL_MERGE) $(INTLTOOL_V_MERGE_OPTIONS) -d -u -c $(top_builddir)/po/.intltool-merge-cache $(top_srcdir)/po $< $@'
INTLTOOL_EXTRACT='/usr/bin/intltool-extract'
INTLTOOL_KBD_RULE='%.kbd:       %.kbd.in       $(INTLTOOL_MERGE) $(wildcard $(top_srcdir)/po/*.po) ; $(INTLTOOL_V_MERGE)LC_ALL=C $(INTLTOOL_MERGE) $(INTLTOOL_V_MERGE_OPTIONS) -x -u -m -c $(top_builddir)/po/.intltool-merge-cache $(top_srcdir)/po $< $@'
INTLTOOL_KEYS_RULE='%.keys:      %.keys.in      $(INTLTOOL_MERGE) $(wildcard $(top_srcdir)/po/*.po) ; $(INTLTOOL_V_MERGE)LC_ALL=C $(INTLTOOL_MERGE) $(INTLTOOL_V_MERGE_OPTIONS) -k -u -c $(top_builddir)/po/.intltool-merge-cache $(top_srcdir)/po $< $@'
INTLTOOL_MERGE='/usr/bin/intltool-merge'
INTLTOOL_OAF_RULE='%.oaf:       %.oaf.in       $(INTLTOOL_MERGE) $(wildcard $(top_srcdir)/po/*.po) ; $(INTLTOOL_V_MERGE)LC_ALL=C $(INTLTOOL_MERGE) $(INTLTOOL_V_MERGE_OPTIONS) -o -p $(top_srcdir)/po $< $@'
INTLTOOL_PERL='/usr/bin/perl'
INTLTOOL_POLICY_RULE='%.policy:    %.policy.in    $(INTLTOOL_MERGE) $(wildcard $(top_srcdir)/po/*.po) ; $(INTLTOOL_V_MERGE)LC_ALL=C $(INTLTOOL_MERGE) $(INTLTOOL_V_MERGE_OPTIONS) -x -u -c $(top_builddir)/po/.intltool-merge-cache $(top_srcdir)/po $< $@'
INTLTOOL_PONG_RULE='%.pong:      %.pong.in      $(INTLTOOL_MERGE) $(wildcard $(top_srcdir)/po/*.po) ; $(INTLTOOL_V_MERGE)LC_ALL=C $(INTLTOOL_MERGE) $(INTLTOOL_V_MERGE_OPTIONS) -x -u -c $(top_builddir)/po/.intltool-merge-cache $(top_srcdir)/po $< $@'
INTLTOOL_PROP_RULE='%.prop:      %.prop.in      $(INTLTOOL_MERGE) $(wildcard $(top_srcdir)/po/*.po) ; $(INTLTOOL_V_MERGE)LC_ALL=C $(INTLTOOL_MERGE) $(INTLTOOL_V_MERGE_OPTIONS) -d -u -c $(top_builddir)/po/.intltool-merge-cache $(top_srcdir)/po $< $@'
INTLTOOL_SCHEMAS_RULE='%.schemas:   %.schemas.in   $(INTLTOOL_MERGE) $(wildcard $(top_srcdir)/po/*.po) ; $(INTLTOOL_V_MERGE)LC_ALL=C $(INTLTOOL_MERGE) $(INTLTOOL_V_MERGE_OPTIONS) -s -u -c $(top_builddir)/po/.intltool-merge-cache $(top_srcdir)/po $< $@'
INTLTOOL_SERVER_RULE='%.server:    %.server.in    $(INTLTOOL_MERGE) $(wildcard $(top_srcdir)/po/*.po) ; $(INTLTOOL_V_MERGE)LC_ALL=C $(INTLTOOL_MERGE) $(INTLTOOL_V_MERGE_OPTIONS) -o -u -c $(top_builddir)/po/.intltool-merge-cache $(top_srcdir)/po $< $@'
INTLTOOL_SERVICE_RULE='%.service: %.service.in   $(INTLTOOL_MERGE) $(wildcard $(top_srcdir)/po/*.po) ; $(INTLTOOL_V_MERGE)LC_ALL=C $(INTLTOOL_MERGE) $(INTLTOOL_V_MERGE_OPTIONS) -d -u -c $(top_builddir)/po/.intltool-merge-cache $(top_srcdir)/po $< $@'
INTLTOOL_SHEET_RULE='%.sheet:     %.sheet.in     $(INTLTOOL_MERGE) $(wildcard $(top_srcdir)/po/*.po) ; $(INTLTOOL_V_MERGE)LC_ALL=C $(INTLTOOL_MERGE) $(INTLTOOL_V_MERGE_OPTIONS) -x -u -c $(top_builddir)/po/.intltool-merge-cache $(top_srcdir)/po $< $@'
INTLTOOL_SOUNDLIST_RULE='%.soundlist: %.soundlist.in $(INTLTOOL_MERGE) $(wildcard $(top_srcdir)/po/*.po) ; $(INTLTOOL_V_MERGE)LC_ALL=C $(INTLTOOL_MERGE) $(INTLTOOL_V_MERGE_OPTIONS) -d -u -c $(top_builddir)/po/.intltool-merge-cache $(top_srcdir)/po $< $@'
INTLTOOL_THEME_RULE='%.theme:     %.theme.in     $(INTLTOOL_MERGE) $(wildcard $(top_srcdir)/po/*.po) ; $(INTLTOOL_V_MERGE)LC_ALL=C $(INTLTOOL_MERGE) $(INTLTOOL_V_MERGE_OPTIONS) -d -u -c $(top_builddir)/po/.intltool-merge-cache $(top_srcdir)/po $< $@'
INTLTOOL_UI_RULE='%.ui:        %.ui.in        $(INTLTOOL_MERGE) $(wildcard $(top_srcdir)/po/*.po) ; $(INTLTOOL_V_MERGE)LC_ALL=C $(INTLTOOL_MERGE) $(INTLTOOL_V_MERGE_OPTIONS) -x -u -c $(top_builddir)/po/.intltool-merge-cache $(top_srcdir)/po $< $@'
INTLTOOL_UPDATE='/usr/bin/intltool-update'
INTLTOOL_V_MERGE='$(INTLTOOL__v_MERGE_$(V))'
INTLTOOL_V_MERGE_OPTIONS='$(intltool__v_merge_options_$(V))'
INTLTOOL_XAM_RULE='%.xam:       %.xml.in       $(INTLTOOL_MERGE) $(wildcard $(top_srcdir)/po/*.po) ; $(INTLTOOL_V_MERGE)LC_ALL=C $(INTLTOOL_MERGE) $(INTLTOOL_V_MERGE_OPTIONS) -x -u -c $(top_builddir)/po/.intltool-merge-cache $(top_srcdir)/po $< $@'
INTLTOOL_XML_NOMERGE_RULE='%.xml:       %.xml.in       $(INTLTOOL_MERGE) ; $(INTLTOOL_V_MERGE)LC_ALL=C $(INTLTOOL_MERGE) $(INTLTOOL_V_MERGE_OPTIONS) -x -u --no-translations $< $@'
INTLTOOL_XML_RULE='%.xml:       %.xml.in       $(INTLTOOL_MERGE) $(wildcard $(top_srcdir)/po/*.po) ; $(INTLTOOL_V_MERGE)LC_ALL=C $(INTLTOOL_MERGE) $(INTLTOOL_V_MERGE_OPTIONS) -x -u -c $(top_builddir)/po/.intltool-merge-cache $(top_srcdir)/po $< $@'
INTLTOOL__v_MERGE_0='@echo "  ITMRG " $@;'
INTLTOOL__v_MERGE_='$(INTLTOOL__v_MERGE_$(AM_DEFAULT_VERBOSITY))'
LD='/usr/bin/ld -m elf_x86_64'
LDFLAGS='-Wl,-z,relro -Wl,-z,now -Wl,-O1 -Wl,-z,defs'
LIBOBJS=''
LIBS=''
LIBTOOL='$(SHELL) $(top_builddir)/libtool'
LIBXFCE4PANEL_CFLAGS='-I/usr/include/xfce4/libxfce4panel-2.0 -I/usr/include/gtk-3.0 -I/usr/include/pango-1.0 -I/usr/include/glib-2.0 -I/usr/lib/x86_64-linux-gnu/glib-2.0/include -I/usr/include/sysprof-6 -I/usr/include/harfbuzz -I/usr/include/freetype2 -I/usr/include/libpng16 -I/usr/include/libmount -I/usr/include/blkid -I/usr/include/fribidi -I/usr/include/cairo -I/usr/include/pixman-1 -I/usr/include/gdk-pixbuf-2.0 -I/usr/include/x86_64-linux-gnu -I/usr/include/webp -I/usr/include/gio-unix-2.0 -I/usr/include/cloudproviders -I/usr/include/atk-1.0 -I/usr/include/at-spi2-atk/2.0 -I/usr/include/at-spi-2.0 -I/usr/include/dbus-1.0 -I/usr/lib/x86_64-linux-gnu/dbus-1.0/include -I/usr/include/xfce4 -I/usr/include/xfce4/libxfce4ui-2 -pthread '
LIBXFCE4PANEL_LIBS='-lxfce4panel-2.0 -lgtk-3 -lgdk-3 -lz -lpangocairo-1.0 -lpango-1.0 -lharfbuzz -latk-1.0 -lcairo-gobject -lcairo -lgdk_pixbuf-2.0 -lgio-2.0 -lgobject-2.0 -Wl,--export-dynamic -lgmodule-2.0 -pthread -lglib-2.0 -lxfce4util -lglib-2.0 '
LIBXFCE4PANEL_REQUIRED_VERSION='4.16.0'
LIBXFCE4PANEL_VERSION='4.20.4'
LIBXFCE4UI_CFLAGS='-I/usr/include/xfce4/libxfce4ui-2 -I/usr/include/gtk-3.0 -I/usr/include/pango-1.0 -I/usr/include/glib-2.0 -I/usr/lib/x86_64-linux-gnu/glib-2.0/include -I/usr/include/sysprof-6 -I/usr/include/harfbuzz -I/usr/include/freetype2 -I/usr/include/libpng16 -I/usr/include/libmount -I/usr/include/blkid -I/usr/include/fribidi -I/usr/include/cairo -I/usr/include/pixman-1 -I/usr/include/gdk-pixbuf-2.0 -I/usr/include/x86_64-linux-gnu -I/usr/include/webp -I/usr/include/gio-unix-2.0 -I/usr/include/cloudproviders -I/usr/include/atk-1.0 -I/usr/include/at-spi2-atk/2.0 -I/usr/include/at-spi-2.0 -I/usr/include/dbus-1.0 -I/usr/lib/x86_64-linux-gnu/dbus-1.0/include -I/usr/include/xfce4 -pthread '
LIBXFCE4UI_LIBS='-lxfce4ui-2 -lgtk-3 -lgdk-3 -lz -lpangocairo-1.0 -lpango-1.0 -lharfbuzz -latk-1.0 -lcairo-gobject -lcairo -lgdk_pixbuf-2.0 -lgio-2.0 -lgobject-2.0 -lxfce4util -lglib-2.0 '
LIBXFCE4UI_REQUIRED_VERSION='4.16.0'
LIBXFCE4UI_VERSION='4.20.1'
LIBXFCE4UTIL_CFLAGS='-I/usr/include/xfce4 -I/usr/include/glib-2.0 -I/usr/lib/x86_64-linux-gnu/glib-2.0/include -I/usr/include/sysprof-6 -pthread '
LIBXFCE4UTIL_LIBS='-lxfce4util -lglib-2.0 '
LIBXFCE4UTIL_REQUIRED_VERSION='4.17.2'
LIBXFCE4UTIL_VERSION='4.20.1'
LIPO=''
LN_S='ln -s'
LTLIBOBJS=''
LT_SYS_LIBRARY_PATH=''
MAINT='#'
MAINTAINER_MODE_FALSE=''
MAINTAINER_MODE_TRUE='#'
MAKEINFO='${SHELL} '\''/home/rmd/repos/debian13-xfce4/xfce4-cpugraph-plugin-1.2.10/missing'\'' makeinfo'
MANIFEST_TOOL=':'
MKDIR_P='/usr/bin/mkdir -p'
MSGFMT='/usr/bin/msgfmt'
MSGMERGE='/usr/bin/msgmerge'
NM='/usr/bin/nm -B'
NMEDIT=''
OBJDUMP='objdump'
OBJEXT='o'
OTOOL64=''
OTOOL=''
PACKAGE='xfce4-cpugraph-plugin'
PACKAGE_BUGREPORT='https://gitlab.xfce.org/panel-plugins/xfce4-cpugraph-plugin/'
PACKAGE_NAME='xfce4-cpugraph-plugin'
PACKAGE_STRING='xfce4-cpugraph-plugin 1.2.10'
PACKAGE_TARNAME='xfce4-cpugraph-plugin'
PACKAGE_URL=''
PACKAGE_VERSION='1.2.10'
PATH_SEPARATOR=':'
PKG_CONFIG='/usr/bin/pkg-config'
PKG_CONFIG_LIBDIR=''
PKG_CONFIG_PATH=''
RANLIB='ranlib'
SED='/usr/bin/sed'
SET_MAKE=''
SHELL='/bin/bash'
STRIP='strip'
USE_NLS='yes'
VERSION='1.2.10'
XFCONF_CFLAGS='-I/usr/include/xfce4/xfconf-0 -I/usr/include/glib-2.0 -I/usr/lib/x86_64-linux-gnu/glib-2.0/include -I/usr/include/sysprof-6 -I/usr/include/libmount -I/usr/include/blkid -pthread '
XFCONF_LIBS='-lxfconf-0 -lgio-2.0 -lgobject-2.0 -lglib-2.0 '
XFCONF_REQUIRED_VERSION='4.12.0'
XFCONF_VERSION='4.20.0'
XGETTEXT='/usr/bin/xgettext'
ac_ct_AR='ar'
ac_ct_CC='gcc'
ac_ct_CXX='g++'
ac_ct_DUMPBIN=''
am__EXEEXT_FALSE=''
am__EXEEXT_TRUE='#'
am__fastdepCC_FALSE=''
am__fastdepCC_TRUE='#'
am__fastdepCXX_FALSE=''
am__fastdepCXX_TRUE='#'
am__include='include'
am__isrc=''
am__leading_dot='.'
am__nodep=''
am__quote=''
am__rm_f_notfound=''
am__tar='tar --format=ustar -chf - "$$tardir"'
am__untar='tar -xf -'
am__xargs_n='xargs -n'
bindir='${exec_prefix}/bin'
build='x86_64-pc-linux-gnu'
build_alias='x86_64-linux-gnu'
build_cpu='x86_64'
build_os='linux-gnu'
build_vendor='pc'
datadir='${datarootdir}'
datarootdir='${prefix}/share'
docdir='${datarootdir}/doc/${PACKAGE_TARNAME}'
dvidir='${docdir}'
exec_prefix='${prefix}'
host='x86_64-pc-linux-gnu'
host_alias=''
host_cpu='x86_64'
host_os='linux-gnu'
host_vendor='pc'
htmldir='${docdir}'
includedir='${prefix}/include'
infodir='${prefix}/share/info'
install_sh='${SHELL} /home/rmd/repos/debian13-xfce4/xfce4-cpugraph-plugin-1.2.10/install-sh'
intltool__v_merge_options_0='-q'
intltool__v_merge_options_='$(intltool__v_merge_options_$(AM_DEFAULT_VERBOSITY))'
libdir='${prefix}/lib/x86_64-linux-gnu'
libexecdir='${exec_prefix}/libexec'
localedir='${prefix}/share/locale'
localstatedir='/var'
mandir='${prefix}/share/man'
mkdir_p='$(MKDIR_P)'
oldincludedir='/usr/include'
pdfdir='${docdir}'
prefix='/usr'
program_transform_name='s,x,x,'
psdir='${docdir}'
runstatedir='/run'
sbindir='${exec_prefix}/sbin'
sharedstatedir='${prefix}/com'
sysconfdir='/etc'
target_alias=''

## ----------- ##
## confdefs.h. ##
## ----------- ##

/* confdefs.h */
#define PACKAGE_NAME "xfce4-cpugraph-plugin"
#define PACKAGE_TARNAME "xfce4-cpugraph-plugin"
#define PACKAGE_VERSION "1.2.10"
#define PACKAGE_STRING "xfce4-cpugraph-plugin 1.2.10"
#define PACKAGE_BUGREPORT "https://gitlab.xfce.org/panel-plugins/xfce4-cpugraph-plugin/"
#define PACKAGE_URL ""
#define PACKAGE "xfce4-cpugraph-plugin"
#define VERSION "1.2.10"
#define HAVE_STDIO_H 1
#define HAVE_STDLIB_H 1
#define HAVE_STRING_H 1
#define HAVE_INTTYPES_H 1
#define HAVE_STDINT_H 1
#define HAVE_STRINGS_H 1
#define HAVE_SYS_STAT_H 1
#define HAVE_SYS_TYPES_H 1
#define HAVE_UNISTD_H 1
#define STDC_HEADERS 1
#define HAVE_DLFCN_H 1
#define LT_OBJDIR ".libs/"
#define HAVE_MALLOC_TRIM 1
#define G_LOG_USE_STRUCTURED 1
#define GLIB_VERSION_MAX_ALLOWED GLIB_VERSION_2_50
#define GLIB_VERSION_MIN_REQUIRED GLIB_VERSION_2_50
#define GETTEXT_PACKAGE "xfce4-cpugraph-plugin"

configure: exit 0
